Using pre-set license
Built from '2020.3/release' branch; Version is '2020.3.49f1 (18249dd5551b) revision 1582237'; Using compiler version '192528614'; Build Type 'Release'
OS: 'Windows 10  (10.0.19045) 64bit Professional' Language: 'en' Physical Memory: 16326 MB
BatchMode: 1, IsHumanControllingUs: 0, StartBugReporterOnCrash: 0, Is64bit: 1, IsPro: 0

COMMAND LINE ARGUMENTS:
A:\Program Files\Unity\2020.3.49f1\Editor\Unity.exe
-adb2
-batchMode
-noUpm
-name
AssetImportWorker0
-projectPath
A:/Unity Projects/PowerQuest Project
-logFile
Logs/AssetImportWorker0.log
-srvPort
62666
Successfully changed project path to: A:/Unity Projects/PowerQuest Project
A:/Unity Projects/PowerQuest Project
Using Asset Import Pipeline V2.
Player connection [40576] Host "[IP] 192.168.7.33 [Port] 1073959456 [Flags] 2 [Guid] 716776409 [EditorId] 716776409 [Version] 1048832 [Id] WindowsEditor(7,DESKTOP-ADK0A3U) [Debug] 1 [PackageName] WindowsEditor [ProjectName] Editor" joined multi-casting on [225.0.0.222:54997]...

Player connection [40576] Host "[IP] 192.168.7.33 [Port] 1073959456 [Flags] 2 [Guid] 716776409 [EditorId] 716776409 [Version] 1048832 [Id] WindowsEditor(7,DESKTOP-ADK0A3U) [Debug] 1 [PackageName] WindowsEditor [ProjectName] Editor" joined alternative multi-casting on [225.0.0.222:34997]...

Refreshing native plugins compatible for Editor in 60.72 ms, found 3 plugins.
Preloading 0 native plugins for Editor in 0.00 ms.
Initialize engine version: 2020.3.49f1 (18249dd5551b)
[Subsystems] Discovering subsystems at path A:/Program Files/Unity/2020.3.49f1/Editor/Data/Resources/UnitySubsystems
[Subsystems] Discovering subsystems at path A:/Unity Projects/PowerQuest Project/Assets
GfxDevice: creating device client; threaded=0
Direct3D:
    Version:  Direct3D 11.0 [level 11.1]
    Renderer: NVIDIA GeForce GTX 1080 Ti (ID=0x1b06)
    Vendor:   
    VRAM:     11106 MB
    Driver:   32.0.15.8180
Initialize mono
Mono path[0] = 'A:/Program Files/Unity/2020.3.49f1/Editor/Data/Managed'
Mono path[1] = 'A:/Program Files/Unity/2020.3.49f1/Editor/Data/MonoBleedingEdge/lib/mono/unityjit'
Mono config path = 'A:/Program Files/Unity/2020.3.49f1/Editor/Data/MonoBleedingEdge/etc'
Using monoOptions --debugger-agent=transport=dt_socket,embedding=1,server=y,suspend=n,address=127.0.0.1:56080
Begin MonoManager ReloadAssembly
Registering precompiled unity dll's ...
Register platform support module: A:/Program Files/Unity/2020.3.49f1/Editor/Data/PlaybackEngines/WindowsStandaloneSupport/UnityEditor.WindowsStandalone.Extensions.dll
Registered in 0.002227 seconds.
Native extension for WindowsStandalone target not found
Refreshing native plugins compatible for Editor in 61.85 ms, found 3 plugins.
Preloading 0 native plugins for Editor in 0.00 ms.
Mono: successfully reloaded assembly
- Completed reload, in  0.919 seconds
Domain Reload Profiling:
	ReloadAssembly (919ms)
		BeginReloadAssembly (148ms)
			ExecutionOrderSort (0ms)
			DisableScriptedObjects (0ms)
			BackupInstance (0ms)
			ReleaseScriptingObjects (0ms)
			CreateAndSetChildDomain (1ms)
		EndReloadAssembly (669ms)
			LoadAssemblies (149ms)
			RebuildTransferFunctionScriptingTraits (0ms)
			SetupTypeCache (251ms)
			ReleaseScriptCaches (0ms)
			RebuildScriptCaches (44ms)
			SetupLoadedEditorAssemblies (231ms)
				LogAssemblyErrors (0ms)
				InitializePlatformSupportModulesInManaged (5ms)
				SetLoadedEditorAssemblies (0ms)
				RefreshPlugins (62ms)
				BeforeProcessingInitializeOnLoad (20ms)
				ProcessInitializeOnLoadAttributes (106ms)
				ProcessInitializeOnLoadMethodAttributes (37ms)
				AfterProcessingInitializeOnLoad (0ms)
				EditorAssembliesLoaded (0ms)
			ExecutionOrderSort2 (0ms)
			AwakeInstancesAfterBackupRestoration (0ms)
Platform modules already initialized, skipping
Registering precompiled user dll's ...
Registered in 0.008550 seconds.
Begin MonoManager ReloadAssembly
Native extension for WindowsStandalone target not found
Refreshing native plugins compatible for Editor in 66.66 ms, found 3 plugins.
Preloading 0 native plugins for Editor in 0.00 ms.
Mono: successfully reloaded assembly
- Completed reload, in  2.037 seconds
Domain Reload Profiling:
	ReloadAssembly (2038ms)
		BeginReloadAssembly (241ms)
			ExecutionOrderSort (0ms)
			DisableScriptedObjects (6ms)
			BackupInstance (0ms)
			ReleaseScriptingObjects (0ms)
			CreateAndSetChildDomain (21ms)
		EndReloadAssembly (1729ms)
			LoadAssemblies (195ms)
			RebuildTransferFunctionScriptingTraits (0ms)
			SetupTypeCache (412ms)
			ReleaseScriptCaches (1ms)
			RebuildScriptCaches (276ms)
			SetupLoadedEditorAssemblies (703ms)
				LogAssemblyErrors (0ms)
				InitializePlatformSupportModulesInManaged (4ms)
				SetLoadedEditorAssemblies (0ms)
				RefreshPlugins (67ms)
				BeforeProcessingInitializeOnLoad (103ms)
				ProcessInitializeOnLoadAttributes (495ms)
				ProcessInitializeOnLoadMethodAttributes (30ms)
				AfterProcessingInitializeOnLoad (3ms)
				EditorAssembliesLoaded (0ms)
			ExecutionOrderSort2 (0ms)
			AwakeInstancesAfterBackupRestoration (3ms)
Platform modules already initialized, skipping
========================================================================
Worker process is ready to serve import requests
Launched and connected shader compiler UnityShaderCompiler.exe after 0.09 seconds
Refreshing native plugins compatible for Editor in 0.68 ms, found 3 plugins.
Preloading 0 native plugins for Editor in 0.00 ms.
Unloading 2183 Unused Serialized files (Serialized files now loaded: 0)
System memory in use before: 99.4 MB.
System memory in use after: 99.5 MB.

Unloading 30 unused Assets to reduce memory usage. Loaded Objects now: 2617.
Total: 4.028300 ms (FindLiveObjects: 0.178100 ms CreateObjectMapping: 0.092500 ms MarkObjects: 3.676100 ms  DeleteObjects: 0.080700 ms)

AssetImportParameters requested are different than current active one (requested -> active):
  custom:framework-win-MediaFoundation: 216162199b28c13a410421893ffa2e32 -> 
  custom:video-decoder-ogg-theora: a1e56fd34408186e4bbccfd4996cb3dc -> 
  custom:container-muxer-webm: aa71ff27fc2769a1b78a27578f13a17b -> 
  custom:container-demuxer-webm: 4f35f7cbe854078d1ac9338744f61a02 -> 
  custom:container-demuxer-ogg: 62fdf1f143b41e24485cea50d1cbac27 -> 
  custom:video-encoder-webm-vp8: eb34c28f22e8b96e1ab97ce403110664 -> 
  custom:video-codec-MediaFoundation-h265: 746d11721c4dcdbdad8f713fa42b33f4 -> 
  custom:video-decoder-webm-vp8: 9c59270c3fd7afecdb556c50c9e8de78 -> 
  custom:audio-decoder-ogg-vorbis: bf7c407c2cedff20999df2af8eb42d56 -> 
  custom:audio-encoder-webm-vorbis: bf7c407c2cedff20999df2af8eb42d56 -> 
========================================================================
Received Import Request.
  path: Assets/Game/Characters/Test/Sprites/upright
  artifactKey: Guid(43af0cea1f23d2a45992b6e4cd855b5a) Importer(815301076,1909f56bfc062723c751e8b465ee728b)
Start importing Assets/Game/Characters/Test/Sprites/upright using Guid(43af0cea1f23d2a45992b6e4cd855b5a) Importer(815301076,1909f56bfc062723c751e8b465ee728b)  -> (artifact id: '34a87e18b6315408c3f05510f85cebf8') in 0.014553 seconds 
========================================================================
Received Import Request.
  Time since last request: 11.912369 seconds.
  path: Assets/Game/Characters/Test/Sprites/down/luna_stand_south.png
  artifactKey: Guid(33cfff983422490499e2ac4402efd79d) Importer(815301076,1909f56bfc062723c751e8b465ee728b)
Start importing Assets/Game/Characters/Test/Sprites/down/luna_stand_south.png using Guid(33cfff983422490499e2ac4402efd79d) Importer(815301076,1909f56bfc062723c751e8b465ee728b)  -> (artifact id: '904480faa8779d2461ac54daf63557c7') in 0.172237 seconds 
========================================================================
Received Import Request.
  Time since last request: 8.816369 seconds.
  path: Assets/Game/Characters/Test/Sprites/down/luna_stand.anim
  artifactKey: Guid(9f91f7ae610eb2241b7c5921d09ac647) Importer(815301076,1909f56bfc062723c751e8b465ee728b)
Start importing Assets/Game/Characters/Test/Sprites/down/luna_stand.anim using Guid(9f91f7ae610eb2241b7c5921d09ac647) Importer(815301076,1909f56bfc062723c751e8b465ee728b)  -> (artifact id: '5359623c14ad286df134b0bb45f0a761') in 0.019395 seconds 
========================================================================
Received Import Request.
  Time since last request: 8.021116 seconds.
  path: Assets/Game/Characters/Test/Sprites/down/IdleD.anim
  artifactKey: Guid(9f91f7ae610eb2241b7c5921d09ac647) Importer(815301076,1909f56bfc062723c751e8b465ee728b)
Start importing Assets/Game/Characters/Test/Sprites/down/IdleD.anim using Guid(9f91f7ae610eb2241b7c5921d09ac647) Importer(815301076,1909f56bfc062723c751e8b465ee728b)  -> (artifact id: '36c484c8af7e1ad0aba24ba8b2e92dd6') in 0.003366 seconds 
========================================================================
Received Import Request.
  Time since last request: 6.638121 seconds.
  path: Assets/Game/Characters/Test/CharacterTest.prefab
  artifactKey: Guid(cadc82bcd54075245abb59a8fdcaa892) Importer(815301076,1909f56bfc062723c751e8b465ee728b)
Start importing Assets/Game/Characters/Test/CharacterTest.prefab using Guid(cadc82bcd54075245abb59a8fdcaa892) Importer(815301076,1909f56bfc062723c751e8b465ee728b)  -> (artifact id: '493da19abf6cddb1bc6e597ecc7bfad4') in 0.083837 seconds 
========================================================================
Received Prepare
Refreshing native plugins compatible for Editor in 7.45 ms, found 3 plugins.
Preloading 0 native plugins for Editor in 0.00 ms.
Unloading 17 Unused Serialized files (Serialized files now loaded: 0)
System memory in use before: 58.6 MB.
System memory in use after: 58.8 MB.

Unloading 18 unused Assets to reduce memory usage. Loaded Objects now: 2662.
Total: 4.987800 ms (FindLiveObjects: 0.236700 ms CreateObjectMapping: 0.133400 ms MarkObjects: 4.588300 ms  DeleteObjects: 0.028500 ms)

AssetImportParameters requested are different than current active one (requested -> active):
  custom:framework-win-MediaFoundation: 216162199b28c13a410421893ffa2e32 -> 
  custom:video-decoder-ogg-theora: a1e56fd34408186e4bbccfd4996cb3dc -> 
  custom:container-muxer-webm: aa71ff27fc2769a1b78a27578f13a17b -> 
  custom:container-demuxer-webm: 4f35f7cbe854078d1ac9338744f61a02 -> 
  custom:container-demuxer-ogg: 62fdf1f143b41e24485cea50d1cbac27 -> 
  custom:video-encoder-webm-vp8: eb34c28f22e8b96e1ab97ce403110664 -> 
  custom:video-codec-MediaFoundation-h265: 746d11721c4dcdbdad8f713fa42b33f4 -> 
  custom:video-decoder-webm-vp8: 9c59270c3fd7afecdb556c50c9e8de78 -> 
  custom:audio-decoder-ogg-vorbis: bf7c407c2cedff20999df2af8eb42d56 -> 
  custom:audio-encoder-webm-vorbis: bf7c407c2cedff20999df2af8eb42d56 -> 
========================================================================
Received Prepare
Registering precompiled user dll's ...
Registered in 0.009527 seconds.
Begin MonoManager ReloadAssembly
Native extension for WindowsStandalone target not found
Refreshing native plugins compatible for Editor in 0.59 ms, found 3 plugins.
Preloading 0 native plugins for Editor in 0.00 ms.
Mono: successfully reloaded assembly
- Completed reload, in  1.672 seconds
Domain Reload Profiling:
	ReloadAssembly (1673ms)
		BeginReloadAssembly (206ms)
			ExecutionOrderSort (0ms)
			DisableScriptedObjects (8ms)
			BackupInstance (0ms)
			ReleaseScriptingObjects (0ms)
			CreateAndSetChildDomain (52ms)
		EndReloadAssembly (1385ms)
			LoadAssemblies (218ms)
			RebuildTransferFunctionScriptingTraits (0ms)
			SetupTypeCache (443ms)
			ReleaseScriptCaches (1ms)
			RebuildScriptCaches (57ms)
			SetupLoadedEditorAssemblies (602ms)
				LogAssemblyErrors (0ms)
				InitializePlatformSupportModulesInManaged (6ms)
				SetLoadedEditorAssemblies (1ms)
				RefreshPlugins (1ms)
				BeforeProcessingInitializeOnLoad (99ms)
				ProcessInitializeOnLoadAttributes (473ms)
				ProcessInitializeOnLoadMethodAttributes (18ms)
				AfterProcessingInitializeOnLoad (4ms)
				EditorAssembliesLoaded (0ms)
			ExecutionOrderSort2 (0ms)
			AwakeInstancesAfterBackupRestoration (4ms)
Platform modules already initialized, skipping
Refreshing native plugins compatible for Editor in 0.85 ms, found 3 plugins.
Preloading 0 native plugins for Editor in 0.00 ms.
Unloading 2162 Unused Serialized files (Serialized files now loaded: 0)
System memory in use before: 101.1 MB.
System memory in use after: 101.2 MB.

Unloading 19 unused Assets to reduce memory usage. Loaded Objects now: 2665.
Total: 4.083600 ms (FindLiveObjects: 0.184800 ms CreateObjectMapping: 0.082100 ms MarkObjects: 3.789900 ms  DeleteObjects: 0.025500 ms)

AssetImportParameters requested are different than current active one (requested -> active):
  custom:framework-win-MediaFoundation: 216162199b28c13a410421893ffa2e32 -> 
  custom:video-decoder-ogg-theora: a1e56fd34408186e4bbccfd4996cb3dc -> 
  custom:container-muxer-webm: aa71ff27fc2769a1b78a27578f13a17b -> 
  custom:container-demuxer-webm: 4f35f7cbe854078d1ac9338744f61a02 -> 
  custom:container-demuxer-ogg: 62fdf1f143b41e24485cea50d1cbac27 -> 
  custom:video-encoder-webm-vp8: eb34c28f22e8b96e1ab97ce403110664 -> 
  custom:video-codec-MediaFoundation-h265: 746d11721c4dcdbdad8f713fa42b33f4 -> 
  custom:video-decoder-webm-vp8: 9c59270c3fd7afecdb556c50c9e8de78 -> 
  custom:audio-decoder-ogg-vorbis: bf7c407c2cedff20999df2af8eb42d56 -> 
  custom:audio-encoder-webm-vorbis: bf7c407c2cedff20999df2af8eb42d56 -> 
========================================================================
Received Import Request.
  Time since last request: 63.260706 seconds.
  path: Assets/Game/Characters/Test/Sprites/down/luna_stand_south.png
  artifactKey: Guid(33cfff983422490499e2ac4402efd79d) Importer(815301076,1909f56bfc062723c751e8b465ee728b)
Start importing Assets/Game/Characters/Test/Sprites/down/luna_stand_south.png using Guid(33cfff983422490499e2ac4402efd79d) Importer(815301076,1909f56bfc062723c751e8b465ee728b)  -> (artifact id: 'eb7544cf13daea6da3b6576481065777') in 0.068295 seconds 
========================================================================
Received Import Request.
  Time since last request: 27.651604 seconds.
  path: Assets/Game/Characters/Test/Sprites/down/luna_stand_south.png
  artifactKey: Guid(33cfff983422490499e2ac4402efd79d) Importer(815301076,1909f56bfc062723c751e8b465ee728b)
Start importing Assets/Game/Characters/Test/Sprites/down/luna_stand_south.png using Guid(33cfff983422490499e2ac4402efd79d) Importer(815301076,1909f56bfc062723c751e8b465ee728b)  -> (artifact id: '3f858fdd4a52ef1f13f3fb129dee87ae') in 0.009350 seconds 
========================================================================
Received Import Request.
  Time since last request: 2.800715 seconds.
  path: Assets/Game/Characters/Test/Sprites/down/luna_stand_south.png
  artifactKey: Guid(33cfff983422490499e2ac4402efd79d) Importer(815301076,1909f56bfc062723c751e8b465ee728b)
Start importing Assets/Game/Characters/Test/Sprites/down/luna_stand_south.png using Guid(33cfff983422490499e2ac4402efd79d) Importer(815301076,1909f56bfc062723c751e8b465ee728b)  -> (artifact id: 'fc0eac636b65e8baae2b64a6f1d6a0f7') in 0.010098 seconds 
========================================================================
Received Import Request.
  Time since last request: 5.064504 seconds.
  path: Assets/Game/Characters/Test/Sprites/down/luna_stand.anim
  artifactKey: Guid(e3fb992c13590fe41bb22643510a131c) Importer(815301076,1909f56bfc062723c751e8b465ee728b)
Start importing Assets/Game/Characters/Test/Sprites/down/luna_stand.anim using Guid(e3fb992c13590fe41bb22643510a131c) Importer(815301076,1909f56bfc062723c751e8b465ee728b)  -> (artifact id: '65e5dcaffc8ffd61cff5226d2788710b') in 0.019200 seconds 
========================================================================
Received Import Request.
  Time since last request: 5.344725 seconds.
  path: Assets/Game/Characters/Test/Sprites/down/IdleD.anim
  artifactKey: Guid(e3fb992c13590fe41bb22643510a131c) Importer(815301076,1909f56bfc062723c751e8b465ee728b)
Start importing Assets/Game/Characters/Test/Sprites/down/IdleD.anim using Guid(e3fb992c13590fe41bb22643510a131c) Importer(815301076,1909f56bfc062723c751e8b465ee728b)  -> (artifact id: '96e8d4a3cca2c32336a5d32eb1070b0b') in 0.004356 seconds 
========================================================================
Received Import Request.
  Time since last request: 4.761579 seconds.
  path: Assets/Game/Characters/Test/CharacterTest.prefab
  artifactKey: Guid(cadc82bcd54075245abb59a8fdcaa892) Importer(815301076,1909f56bfc062723c751e8b465ee728b)
Start importing Assets/Game/Characters/Test/CharacterTest.prefab using Guid(cadc82bcd54075245abb59a8fdcaa892) Importer(815301076,1909f56bfc062723c751e8b465ee728b)  -> (artifact id: 'dd949af5b436751a58a2189459a817b4') in 0.075382 seconds 
========================================================================
Received Prepare
Refreshing native plugins compatible for Editor in 6.81 ms, found 3 plugins.
Preloading 0 native plugins for Editor in 0.00 ms.
Unloading 17 Unused Serialized files (Serialized files now loaded: 0)
System memory in use before: 58.9 MB.
System memory in use after: 59.0 MB.

Unloading 18 unused Assets to reduce memory usage. Loaded Objects now: 2667.
Total: 5.380700 ms (FindLiveObjects: 0.213500 ms CreateObjectMapping: 0.114600 ms MarkObjects: 5.026800 ms  DeleteObjects: 0.024700 ms)

AssetImportParameters requested are different than current active one (requested -> active):
  custom:framework-win-MediaFoundation: 216162199b28c13a410421893ffa2e32 -> 
  custom:video-decoder-ogg-theora: a1e56fd34408186e4bbccfd4996cb3dc -> 
  custom:container-muxer-webm: aa71ff27fc2769a1b78a27578f13a17b -> 
  custom:container-demuxer-webm: 4f35f7cbe854078d1ac9338744f61a02 -> 
  custom:container-demuxer-ogg: 62fdf1f143b41e24485cea50d1cbac27 -> 
  custom:video-encoder-webm-vp8: eb34c28f22e8b96e1ab97ce403110664 -> 
  custom:video-codec-MediaFoundation-h265: 746d11721c4dcdbdad8f713fa42b33f4 -> 
  custom:video-decoder-webm-vp8: 9c59270c3fd7afecdb556c50c9e8de78 -> 
  custom:audio-decoder-ogg-vorbis: bf7c407c2cedff20999df2af8eb42d56 -> 
  custom:audio-encoder-webm-vorbis: bf7c407c2cedff20999df2af8eb42d56 -> 
========================================================================
Received Prepare
Registering precompiled user dll's ...
Registered in 0.008125 seconds.
Begin MonoManager ReloadAssembly
Native extension for WindowsStandalone target not found
Refreshing native plugins compatible for Editor in 0.57 ms, found 3 plugins.
Preloading 0 native plugins for Editor in 0.00 ms.
Mono: successfully reloaded assembly
- Completed reload, in  1.582 seconds
Domain Reload Profiling:
	ReloadAssembly (1583ms)
		BeginReloadAssembly (189ms)
			ExecutionOrderSort (0ms)
			DisableScriptedObjects (7ms)
			BackupInstance (0ms)
			ReleaseScriptingObjects (0ms)
			CreateAndSetChildDomain (43ms)
		EndReloadAssembly (1325ms)
			LoadAssemblies (203ms)
			RebuildTransferFunctionScriptingTraits (0ms)
			SetupTypeCache (398ms)
			ReleaseScriptCaches (1ms)
			RebuildScriptCaches (58ms)
			SetupLoadedEditorAssemblies (604ms)
				LogAssemblyErrors (0ms)
				InitializePlatformSupportModulesInManaged (5ms)
				SetLoadedEditorAssemblies (1ms)
				RefreshPlugins (1ms)
				BeforeProcessingInitializeOnLoad (96ms)
				ProcessInitializeOnLoadAttributes (484ms)
				ProcessInitializeOnLoadMethodAttributes (14ms)
				AfterProcessingInitializeOnLoad (3ms)
				EditorAssembliesLoaded (0ms)
			ExecutionOrderSort2 (0ms)
			AwakeInstancesAfterBackupRestoration (3ms)
Platform modules already initialized, skipping
Refreshing native plugins compatible for Editor in 4.97 ms, found 3 plugins.
Preloading 0 native plugins for Editor in 0.00 ms.
Unloading 2162 Unused Serialized files (Serialized files now loaded: 0)
System memory in use before: 101.2 MB.
System memory in use after: 101.3 MB.

Unloading 19 unused Assets to reduce memory usage. Loaded Objects now: 2670.
Total: 3.828300 ms (FindLiveObjects: 0.192300 ms CreateObjectMapping: 0.102700 ms MarkObjects: 3.504800 ms  DeleteObjects: 0.027300 ms)

AssetImportParameters requested are different than current active one (requested -> active):
  custom:framework-win-MediaFoundation: 216162199b28c13a410421893ffa2e32 -> 
  custom:video-decoder-ogg-theora: a1e56fd34408186e4bbccfd4996cb3dc -> 
  custom:container-muxer-webm: aa71ff27fc2769a1b78a27578f13a17b -> 
  custom:container-demuxer-webm: 4f35f7cbe854078d1ac9338744f61a02 -> 
  custom:container-demuxer-ogg: 62fdf1f143b41e24485cea50d1cbac27 -> 
  custom:video-encoder-webm-vp8: eb34c28f22e8b96e1ab97ce403110664 -> 
  custom:video-codec-MediaFoundation-h265: 746d11721c4dcdbdad8f713fa42b33f4 -> 
  custom:video-decoder-webm-vp8: 9c59270c3fd7afecdb556c50c9e8de78 -> 
  custom:audio-decoder-ogg-vorbis: bf7c407c2cedff20999df2af8eb42d56 -> 
  custom:audio-encoder-webm-vorbis: bf7c407c2cedff20999df2af8eb42d56 -> 
========================================================================
Received Import Request.
  Time since last request: 30.849250 seconds.
  path: Assets/Game/Characters/Test/Sprites/down/luna_stand_south.png
  artifactKey: Guid(33cfff983422490499e2ac4402efd79d) Importer(815301076,1909f56bfc062723c751e8b465ee728b)
Start importing Assets/Game/Characters/Test/Sprites/down/luna_stand_south.png using Guid(33cfff983422490499e2ac4402efd79d) Importer(815301076,1909f56bfc062723c751e8b465ee728b)  -> (artifact id: 'd7717e47b1be57563670ff64040752a2') in 0.059634 seconds 
========================================================================
Received Import Request.
  Time since last request: 11.312647 seconds.
  path: Assets/Game/Characters/Test/Sprites/down/luna_stand.anim
  artifactKey: Guid(cb3e694f54deab74cb74dc44886471b2) Importer(815301076,1909f56bfc062723c751e8b465ee728b)
Start importing Assets/Game/Characters/Test/Sprites/down/luna_stand.anim using Guid(cb3e694f54deab74cb74dc44886471b2) Importer(815301076,1909f56bfc062723c751e8b465ee728b)  -> (artifact id: 'd8b37e771cf57540321956417bbdc3ec') in 0.004622 seconds 
========================================================================
Received Import Request.
  Time since last request: 2.001652 seconds.
  path: Assets/Game/Characters/Test/Sprites/down/IdleD.anim
  artifactKey: Guid(cb3e694f54deab74cb74dc44886471b2) Importer(815301076,1909f56bfc062723c751e8b465ee728b)
Start importing Assets/Game/Characters/Test/Sprites/down/IdleD.anim using Guid(cb3e694f54deab74cb74dc44886471b2) Importer(815301076,1909f56bfc062723c751e8b465ee728b)  -> (artifact id: '4aefc2dab885165edece79eb11dc3cfa') in 0.005092 seconds 
========================================================================
Received Import Request.
  Time since last request: 1.578809 seconds.
  path: Assets/Game/Characters/Test/CharacterTest.prefab
  artifactKey: Guid(cadc82bcd54075245abb59a8fdcaa892) Importer(815301076,1909f56bfc062723c751e8b465ee728b)
Start importing Assets/Game/Characters/Test/CharacterTest.prefab using Guid(cadc82bcd54075245abb59a8fdcaa892) Importer(815301076,1909f56bfc062723c751e8b465ee728b)  -> (artifact id: '3025772baab17dd3df9b5b971f3d9b31') in 0.068390 seconds 
========================================================================
Received Import Request.
  Time since last request: 86.404477 seconds.
  path: Assets/Game/Characters/Charles/CharacterCharles.prefab
  artifactKey: Guid(65de018bf92bf6a4088d8c3f977119e7) Importer(815301076,1909f56bfc062723c751e8b465ee728b)
Start importing Assets/Game/Characters/Charles/CharacterCharles.prefab using Guid(65de018bf92bf6a4088d8c3f977119e7) Importer(815301076,1909f56bfc062723c751e8b465ee728b)  -> (artifact id: 'fa4da08d5919fe825e9bc6c6c3d02fc7') in 0.024651 seconds 
========================================================================
Received Import Request.
  Time since last request: 2.801185 seconds.
  path: Assets/Game/Characters/Charles/CharacterCharles.prefab
  artifactKey: Guid(65de018bf92bf6a4088d8c3f977119e7) Importer(815301076,1909f56bfc062723c751e8b465ee728b)
Start importing Assets/Game/Characters/Charles/CharacterCharles.prefab using Guid(65de018bf92bf6a4088d8c3f977119e7) Importer(815301076,1909f56bfc062723c751e8b465ee728b)  -> (artifact id: '793ba02826aaab21a17ac6a73faaa60d') in 0.022906 seconds 
========================================================================
Received Prepare
Refreshing native plugins compatible for Editor in 7.05 ms, found 3 plugins.
Preloading 0 native plugins for Editor in 0.00 ms.
Unloading 17 Unused Serialized files (Serialized files now loaded: 0)
System memory in use before: 59.0 MB.
System memory in use after: 59.1 MB.

Unloading 18 unused Assets to reduce memory usage. Loaded Objects now: 2674.
Total: 4.535700 ms (FindLiveObjects: 0.192200 ms CreateObjectMapping: 0.100800 ms MarkObjects: 4.216900 ms  DeleteObjects: 0.024800 ms)

AssetImportParameters requested are different than current active one (requested -> active):
  custom:framework-win-MediaFoundation: 216162199b28c13a410421893ffa2e32 -> 
  custom:video-decoder-ogg-theora: a1e56fd34408186e4bbccfd4996cb3dc -> 
  custom:container-muxer-webm: aa71ff27fc2769a1b78a27578f13a17b -> 
  custom:container-demuxer-webm: 4f35f7cbe854078d1ac9338744f61a02 -> 
  custom:container-demuxer-ogg: 62fdf1f143b41e24485cea50d1cbac27 -> 
  custom:video-encoder-webm-vp8: eb34c28f22e8b96e1ab97ce403110664 -> 
  custom:video-codec-MediaFoundation-h265: 746d11721c4dcdbdad8f713fa42b33f4 -> 
  custom:video-decoder-webm-vp8: 9c59270c3fd7afecdb556c50c9e8de78 -> 
  custom:audio-decoder-ogg-vorbis: bf7c407c2cedff20999df2af8eb42d56 -> 
  custom:audio-encoder-webm-vorbis: bf7c407c2cedff20999df2af8eb42d56 -> 
========================================================================
Received Prepare
Registering precompiled user dll's ...
Registered in 0.008264 seconds.
Begin MonoManager ReloadAssembly
Native extension for WindowsStandalone target not found
Refreshing native plugins compatible for Editor in 0.56 ms, found 3 plugins.
Preloading 0 native plugins for Editor in 0.00 ms.
Mono: successfully reloaded assembly
- Completed reload, in  1.516 seconds
Domain Reload Profiling:
	ReloadAssembly (1516ms)
		BeginReloadAssembly (185ms)
			ExecutionOrderSort (0ms)
			DisableScriptedObjects (7ms)
			BackupInstance (0ms)
			ReleaseScriptingObjects (0ms)
			CreateAndSetChildDomain (40ms)
		EndReloadAssembly (1267ms)
			LoadAssemblies (193ms)
			RebuildTransferFunctionScriptingTraits (0ms)
			SetupTypeCache (394ms)
			ReleaseScriptCaches (2ms)
			RebuildScriptCaches (65ms)
			SetupLoadedEditorAssemblies (559ms)
				LogAssemblyErrors (0ms)
				InitializePlatformSupportModulesInManaged (5ms)
				SetLoadedEditorAssemblies (1ms)
				RefreshPlugins (1ms)
				BeforeProcessingInitializeOnLoad (92ms)
				ProcessInitializeOnLoadAttributes (444ms)
				ProcessInitializeOnLoadMethodAttributes (13ms)
				AfterProcessingInitializeOnLoad (3ms)
				EditorAssembliesLoaded (0ms)
			ExecutionOrderSort2 (0ms)
			AwakeInstancesAfterBackupRestoration (4ms)
Platform modules already initialized, skipping
Refreshing native plugins compatible for Editor in 0.57 ms, found 3 plugins.
Preloading 0 native plugins for Editor in 0.00 ms.
Unloading 2162 Unused Serialized files (Serialized files now loaded: 0)
System memory in use before: 101.2 MB.
System memory in use after: 101.3 MB.

Unloading 19 unused Assets to reduce memory usage. Loaded Objects now: 2677.
Total: 4.143900 ms (FindLiveObjects: 0.184400 ms CreateObjectMapping: 0.098200 ms MarkObjects: 3.833800 ms  DeleteObjects: 0.026400 ms)

AssetImportParameters requested are different than current active one (requested -> active):
  custom:framework-win-MediaFoundation: 216162199b28c13a410421893ffa2e32 -> 
  custom:video-decoder-ogg-theora: a1e56fd34408186e4bbccfd4996cb3dc -> 
  custom:container-muxer-webm: aa71ff27fc2769a1b78a27578f13a17b -> 
  custom:container-demuxer-webm: 4f35f7cbe854078d1ac9338744f61a02 -> 
  custom:container-demuxer-ogg: 62fdf1f143b41e24485cea50d1cbac27 -> 
  custom:video-encoder-webm-vp8: eb34c28f22e8b96e1ab97ce403110664 -> 
  custom:video-codec-MediaFoundation-h265: 746d11721c4dcdbdad8f713fa42b33f4 -> 
  custom:video-decoder-webm-vp8: 9c59270c3fd7afecdb556c50c9e8de78 -> 
  custom:audio-decoder-ogg-vorbis: bf7c407c2cedff20999df2af8eb42d56 -> 
  custom:audio-encoder-webm-vorbis: bf7c407c2cedff20999df2af8eb42d56 -> 
========================================================================
Received Prepare
Registering precompiled user dll's ...
Registered in 0.008318 seconds.
Begin MonoManager ReloadAssembly
Native extension for WindowsStandalone target not found
Refreshing native plugins compatible for Editor in 0.86 ms, found 3 plugins.
Preloading 0 native plugins for Editor in 0.00 ms.
Mono: successfully reloaded assembly
- Completed reload, in  1.647 seconds
Domain Reload Profiling:
	ReloadAssembly (1648ms)
		BeginReloadAssembly (211ms)
			ExecutionOrderSort (0ms)
			DisableScriptedObjects (7ms)
			BackupInstance (0ms)
			ReleaseScriptingObjects (0ms)
			CreateAndSetChildDomain (54ms)
		EndReloadAssembly (1353ms)
			LoadAssemblies (207ms)
			RebuildTransferFunctionScriptingTraits (0ms)
			SetupTypeCache (440ms)
			ReleaseScriptCaches (1ms)
			RebuildScriptCaches (66ms)
			SetupLoadedEditorAssemblies (590ms)
				LogAssemblyErrors (0ms)
				InitializePlatformSupportModulesInManaged (5ms)
				SetLoadedEditorAssemblies (1ms)
				RefreshPlugins (1ms)
				BeforeProcessingInitializeOnLoad (98ms)
				ProcessInitializeOnLoadAttributes (461ms)
				ProcessInitializeOnLoadMethodAttributes (20ms)
				AfterProcessingInitializeOnLoad (4ms)
				EditorAssembliesLoaded (0ms)
			ExecutionOrderSort2 (0ms)
			AwakeInstancesAfterBackupRestoration (4ms)
Platform modules already initialized, skipping
Refreshing native plugins compatible for Editor in 0.57 ms, found 3 plugins.
Preloading 0 native plugins for Editor in 0.00 ms.
Unloading 2162 Unused Serialized files (Serialized files now loaded: 0)
System memory in use before: 101.2 MB.
System memory in use after: 101.3 MB.

Unloading 19 unused Assets to reduce memory usage. Loaded Objects now: 2680.
Total: 3.933900 ms (FindLiveObjects: 0.200700 ms CreateObjectMapping: 0.097500 ms MarkObjects: 3.597000 ms  DeleteObjects: 0.037500 ms)

AssetImportParameters requested are different than current active one (requested -> active):
  custom:framework-win-MediaFoundation: 216162199b28c13a410421893ffa2e32 -> 
  custom:video-decoder-ogg-theora: a1e56fd34408186e4bbccfd4996cb3dc -> 
  custom:container-muxer-webm: aa71ff27fc2769a1b78a27578f13a17b -> 
  custom:container-demuxer-webm: 4f35f7cbe854078d1ac9338744f61a02 -> 
  custom:container-demuxer-ogg: 62fdf1f143b41e24485cea50d1cbac27 -> 
  custom:video-encoder-webm-vp8: eb34c28f22e8b96e1ab97ce403110664 -> 
  custom:video-codec-MediaFoundation-h265: 746d11721c4dcdbdad8f713fa42b33f4 -> 
  custom:video-decoder-webm-vp8: 9c59270c3fd7afecdb556c50c9e8de78 -> 
  custom:audio-decoder-ogg-vorbis: bf7c407c2cedff20999df2af8eb42d56 -> 
  custom:audio-encoder-webm-vorbis: bf7c407c2cedff20999df2af8eb42d56 -> 
========================================================================
Received Import Request.
  Time since last request: 58.690948 seconds.
  path: Assets/Game/Characters/Charles/CharacterCharles.prefab
  artifactKey: Guid(65de018bf92bf6a4088d8c3f977119e7) Importer(815301076,1909f56bfc062723c751e8b465ee728b)
Start importing Assets/Game/Characters/Charles/CharacterCharles.prefab using Guid(65de018bf92bf6a4088d8c3f977119e7) Importer(815301076,1909f56bfc062723c751e8b465ee728b)  -> (artifact id: '564185eb53fd96a6f0135e730d978ff3') in 0.091341 seconds 
========================================================================
Received Import Request.
  Time since last request: 35.195929 seconds.
  path: Assets/Game/Characters/Charles/CharacterCharles.prefab
  artifactKey: Guid(65de018bf92bf6a4088d8c3f977119e7) Importer(815301076,1909f56bfc062723c751e8b465ee728b)
Start importing Assets/Game/Characters/Charles/CharacterCharles.prefab using Guid(65de018bf92bf6a4088d8c3f977119e7) Importer(815301076,1909f56bfc062723c751e8b465ee728b)  -> (artifact id: 'd91d4a962b3f225b79274e62196e2670') in 0.030200 seconds 
========================================================================
Received Import Request.
  Time since last request: 766.263228 seconds.
  path: Assets/Game/Characters/Test/CharacterTest.prefab
  artifactKey: Guid(cadc82bcd54075245abb59a8fdcaa892) Importer(815301076,1909f56bfc062723c751e8b465ee728b)
Start importing Assets/Game/Characters/Test/CharacterTest.prefab using Guid(cadc82bcd54075245abb59a8fdcaa892) Importer(815301076,1909f56bfc062723c751e8b465ee728b)  -> (artifact id: '00000000000000000000000000000000') in 0.052777 seconds  code(4) message(Build asset version error: assets/game/characters/test/charactertest.prefab in SourceAssetDB has modification time of '2026-01-13T19:48:17.9001309Z' while content on disk has modification time of '2026-01-13T19:48:18.0110867Z')
  ERROR: Build asset version error: assets/game/characters/test/charactertest.prefab in SourceAssetDB has modification time of '2026-01-13T19:48:17.9001309Z' while content on disk has modification time of '2026-01-13T19:48:18.0110867Z'
========================================================================
Received Import Request.
  Time since last request: 3.888197 seconds.
  path: Assets/Game/Characters/Test/CharacterTest.prefab
  artifactKey: Guid(cadc82bcd54075245abb59a8fdcaa892) Importer(815301076,1909f56bfc062723c751e8b465ee728b)
Start importing Assets/Game/Characters/Test/CharacterTest.prefab using Guid(cadc82bcd54075245abb59a8fdcaa892) Importer(815301076,1909f56bfc062723c751e8b465ee728b)  -> (artifact id: 'b04b2b2db64443222330fdb24ffd56ce') in 0.043575 seconds 
========================================================================
Received Import Request.
  Time since last request: 2.867045 seconds.
  path: Assets/Game/Characters/Test/CharacterTest.prefab
  artifactKey: Guid(cadc82bcd54075245abb59a8fdcaa892) Importer(815301076,1909f56bfc062723c751e8b465ee728b)
Start importing Assets/Game/Characters/Test/CharacterTest.prefab using Guid(cadc82bcd54075245abb59a8fdcaa892) Importer(815301076,1909f56bfc062723c751e8b465ee728b)  -> (artifact id: '087285b8d05aa5bb25a374c3aa86c0e6') in 0.043672 seconds 
========================================================================
Received Import Request.
  Time since last request: 2.590397 seconds.
  path: Assets/Game/Characters/Test/CharacterTest.prefab
  artifactKey: Guid(cadc82bcd54075245abb59a8fdcaa892) Importer(815301076,1909f56bfc062723c751e8b465ee728b)
Start importing Assets/Game/Characters/Test/CharacterTest.prefab using Guid(cadc82bcd54075245abb59a8fdcaa892) Importer(815301076,1909f56bfc062723c751e8b465ee728b)  -> (artifact id: '0a5b5ec0501cd735dce81408b97465c3') in 0.050780 seconds 
========================================================================
Received Import Request.
  Time since last request: 2.616590 seconds.
  path: Assets/Game/Characters/Test/CharacterTest.prefab
  artifactKey: Guid(cadc82bcd54075245abb59a8fdcaa892) Importer(815301076,1909f56bfc062723c751e8b465ee728b)
Start importing Assets/Game/Characters/Test/CharacterTest.prefab using Guid(cadc82bcd54075245abb59a8fdcaa892) Importer(815301076,1909f56bfc062723c751e8b465ee728b)  -> (artifact id: 'edcb42318398d9a5410e966ddd0e5191') in 0.044572 seconds 
========================================================================
Received Import Request.
  Time since last request: 0.770254 seconds.
  path: Assets/Game/Characters/Test/CharacterTest.prefab
  artifactKey: Guid(cadc82bcd54075245abb59a8fdcaa892) Importer(815301076,1909f56bfc062723c751e8b465ee728b)
Start importing Assets/Game/Characters/Test/CharacterTest.prefab using Guid(cadc82bcd54075245abb59a8fdcaa892) Importer(815301076,1909f56bfc062723c751e8b465ee728b)  -> (artifact id: '05c95aef08f4dd935b811d92c0ea587f') in 0.046721 seconds 
========================================================================
Received Import Request.
  Time since last request: 4.649322 seconds.
  path: Assets/Game/Characters/Test/CharacterTest.prefab
  artifactKey: Guid(cadc82bcd54075245abb59a8fdcaa892) Importer(815301076,1909f56bfc062723c751e8b465ee728b)
Start importing Assets/Game/Characters/Test/CharacterTest.prefab using Guid(cadc82bcd54075245abb59a8fdcaa892) Importer(815301076,1909f56bfc062723c751e8b465ee728b)  -> (artifact id: 'd0d266f5a7a9e96c9f93ab7a170f3607') in 0.049640 seconds 
========================================================================
Received Import Request.
  Time since last request: 2.935384 seconds.
  path: Assets/Game/Characters/Test/CharacterTest.prefab
  artifactKey: Guid(cadc82bcd54075245abb59a8fdcaa892) Importer(815301076,1909f56bfc062723c751e8b465ee728b)
Start importing Assets/Game/Characters/Test/CharacterTest.prefab using Guid(cadc82bcd54075245abb59a8fdcaa892) Importer(815301076,1909f56bfc062723c751e8b465ee728b)  -> (artifact id: '7fbd91ad51af07cd55f73a1edbea5a70') in 0.049798 seconds 
========================================================================
Received Import Request.
  Time since last request: 4.817277 seconds.
  path: Assets/Game/Characters/Test/CharacterTest.prefab
  artifactKey: Guid(cadc82bcd54075245abb59a8fdcaa892) Importer(815301076,1909f56bfc062723c751e8b465ee728b)
Start importing Assets/Game/Characters/Test/CharacterTest.prefab using Guid(cadc82bcd54075245abb59a8fdcaa892) Importer(815301076,1909f56bfc062723c751e8b465ee728b)  -> (artifact id: 'f9be34d9a1554bdc40b2bd1be554f4a2') in 0.039948 seconds 
========================================================================
Received Import Request.
  Time since last request: 14.340795 seconds.
  path: Assets/Game/Characters/Test/CharacterTest.prefab
  artifactKey: Guid(cadc82bcd54075245abb59a8fdcaa892) Importer(815301076,1909f56bfc062723c751e8b465ee728b)
Start importing Assets/Game/Characters/Test/CharacterTest.prefab using Guid(cadc82bcd54075245abb59a8fdcaa892) Importer(815301076,1909f56bfc062723c751e8b465ee728b)  -> (artifact id: '26f7e473ac4984ad1d7590e7d69fb22f') in 0.046738 seconds 
========================================================================
Received Import Request.
  Time since last request: 2.574016 seconds.
  path: Assets/Game/Characters/Test/CharacterTest.prefab
  artifactKey: Guid(cadc82bcd54075245abb59a8fdcaa892) Importer(815301076,1909f56bfc062723c751e8b465ee728b)
Start importing Assets/Game/Characters/Test/CharacterTest.prefab using Guid(cadc82bcd54075245abb59a8fdcaa892) Importer(815301076,1909f56bfc062723c751e8b465ee728b)  -> (artifact id: 'c04486d66e7d35b82647f01b86cb19bd') in 0.044148 seconds 
========================================================================
Received Import Request.
  Time since last request: 4.805139 seconds.
  path: Assets/Game/Characters/Test/CharacterTest.prefab
  artifactKey: Guid(cadc82bcd54075245abb59a8fdcaa892) Importer(815301076,1909f56bfc062723c751e8b465ee728b)
Start importing Assets/Game/Characters/Test/CharacterTest.prefab using Guid(cadc82bcd54075245abb59a8fdcaa892) Importer(815301076,1909f56bfc062723c751e8b465ee728b)  -> (artifact id: 'd0eb4cecaa067e410f1359ccd6f7a301') in 0.040774 seconds 
========================================================================
Received Import Request.
  Time since last request: 2.937867 seconds.
  path: Assets/Game/Characters/Test/CharacterTest.prefab
  artifactKey: Guid(cadc82bcd54075245abb59a8fdcaa892) Importer(815301076,1909f56bfc062723c751e8b465ee728b)
Start importing Assets/Game/Characters/Test/CharacterTest.prefab using Guid(cadc82bcd54075245abb59a8fdcaa892) Importer(815301076,1909f56bfc062723c751e8b465ee728b)  -> (artifact id: '8f153e46b2031f980c56b140f4824d5c') in 0.041484 seconds 
========================================================================
Received Import Request.
  Time since last request: 5.618245 seconds.
  path: Assets/Game/Characters/Test/CharacterTest.prefab
  artifactKey: Guid(cadc82bcd54075245abb59a8fdcaa892) Importer(815301076,1909f56bfc062723c751e8b465ee728b)
Start importing Assets/Game/Characters/Test/CharacterTest.prefab using Guid(cadc82bcd54075245abb59a8fdcaa892) Importer(815301076,1909f56bfc062723c751e8b465ee728b)  -> (artifact id: '5acb2945ced3b75343bcadb2ab0adc45') in 0.049487 seconds 
========================================================================
Received Import Request.
  Time since last request: 49.423505 seconds.
  path: Assets/Game/Characters/Test/CharacterTest.prefab
  artifactKey: Guid(cadc82bcd54075245abb59a8fdcaa892) Importer(815301076,1909f56bfc062723c751e8b465ee728b)
Start importing Assets/Game/Characters/Test/CharacterTest.prefab using Guid(cadc82bcd54075245abb59a8fdcaa892) Importer(815301076,1909f56bfc062723c751e8b465ee728b)  -> (artifact id: '5c24e08d58e6b64c1cc2b3c376fea094') in 0.049253 seconds 
========================================================================
Received Import Request.
  Time since last request: 5.016376 seconds.
  path: Assets/Game/Characters/Test/CharacterTest.prefab
  artifactKey: Guid(cadc82bcd54075245abb59a8fdcaa892) Importer(815301076,1909f56bfc062723c751e8b465ee728b)
Start importing Assets/Game/Characters/Test/CharacterTest.prefab using Guid(cadc82bcd54075245abb59a8fdcaa892) Importer(815301076,1909f56bfc062723c751e8b465ee728b)  -> (artifact id: '46014447ed17f0e8bc3cb67caa133a33') in 0.040021 seconds 
========================================================================
Received Import Request.
  Time since last request: 459.041833 seconds.
  path: Assets/Game/Characters/Test/CharacterTest.prefab
  artifactKey: Guid(cadc82bcd54075245abb59a8fdcaa892) Importer(815301076,1909f56bfc062723c751e8b465ee728b)
Start importing Assets/Game/Characters/Test/CharacterTest.prefab using Guid(cadc82bcd54075245abb59a8fdcaa892) Importer(815301076,1909f56bfc062723c751e8b465ee728b)  -> (artifact id: '2eac8c2620d75c0825974097b16aec64') in 0.047889 seconds 
========================================================================
Received Prepare
Registering precompiled user dll's ...
Registered in 0.008174 seconds.
Begin MonoManager ReloadAssembly
Native extension for WindowsStandalone target not found
Refreshing native plugins compatible for Editor in 0.61 ms, found 3 plugins.
Preloading 0 native plugins for Editor in 0.00 ms.
Mono: successfully reloaded assembly
- Completed reload, in  1.683 seconds
Domain Reload Profiling:
	ReloadAssembly (1684ms)
		BeginReloadAssembly (225ms)
			ExecutionOrderSort (0ms)
			DisableScriptedObjects (8ms)
			BackupInstance (0ms)
			ReleaseScriptingObjects (0ms)
			CreateAndSetChildDomain (54ms)
		EndReloadAssembly (1388ms)
			LoadAssemblies (240ms)
			RebuildTransferFunctionScriptingTraits (0ms)
			SetupTypeCache (410ms)
			ReleaseScriptCaches (1ms)
			RebuildScriptCaches (60ms)
			SetupLoadedEditorAssemblies (632ms)
				LogAssemblyErrors (0ms)
				InitializePlatformSupportModulesInManaged (6ms)
				SetLoadedEditorAssemblies (1ms)
				RefreshPlugins (1ms)
				BeforeProcessingInitializeOnLoad (103ms)
				ProcessInitializeOnLoadAttributes (501ms)
				ProcessInitializeOnLoadMethodAttributes (17ms)
				AfterProcessingInitializeOnLoad (3ms)
				EditorAssembliesLoaded (0ms)
			ExecutionOrderSort2 (0ms)
			AwakeInstancesAfterBackupRestoration (4ms)
Platform modules already initialized, skipping
Refreshing native plugins compatible for Editor in 0.92 ms, found 3 plugins.
Preloading 0 native plugins for Editor in 0.00 ms.
Unloading 2162 Unused Serialized files (Serialized files now loaded: 0)
System memory in use before: 101.2 MB.
System memory in use after: 101.4 MB.

Unloading 20 unused Assets to reduce memory usage. Loaded Objects now: 2703.
Total: 4.687000 ms (FindLiveObjects: 0.187600 ms CreateObjectMapping: 0.097600 ms MarkObjects: 4.374100 ms  DeleteObjects: 0.026700 ms)

AssetImportParameters requested are different than current active one (requested -> active):
  custom:framework-win-MediaFoundation: 216162199b28c13a410421893ffa2e32 -> 
  custom:video-decoder-ogg-theora: a1e56fd34408186e4bbccfd4996cb3dc -> 
  custom:container-muxer-webm: aa71ff27fc2769a1b78a27578f13a17b -> 
  custom:container-demuxer-webm: 4f35f7cbe854078d1ac9338744f61a02 -> 
  custom:container-demuxer-ogg: 62fdf1f143b41e24485cea50d1cbac27 -> 
  custom:video-encoder-webm-vp8: eb34c28f22e8b96e1ab97ce403110664 -> 
  custom:video-codec-MediaFoundation-h265: 746d11721c4dcdbdad8f713fa42b33f4 -> 
  custom:video-decoder-webm-vp8: 9c59270c3fd7afecdb556c50c9e8de78 -> 
  custom:audio-decoder-ogg-vorbis: bf7c407c2cedff20999df2af8eb42d56 -> 
  custom:audio-encoder-webm-vorbis: bf7c407c2cedff20999df2af8eb42d56 -> 
========================================================================
Received Import Request.
  Time since last request: 134.444290 seconds.
  path: Assets/Game/Characters/Test/CharacterTest.prefab
  artifactKey: Guid(cadc82bcd54075245abb59a8fdcaa892) Importer(815301076,1909f56bfc062723c751e8b465ee728b)
Start importing Assets/Game/Characters/Test/CharacterTest.prefab using Guid(cadc82bcd54075245abb59a8fdcaa892) Importer(815301076,1909f56bfc062723c751e8b465ee728b)  -> (artifact id: '78c9d32dad9e1ef10ad387b982f87005') in 0.107079 seconds 
AssetImportWorkerClient::OnTransportError - code=2 error=End of file
